生成启动时间为 2020/1/9 15:11:54。
     1>项目“C:\Users\Rongan Guo\Desktop\写过的宝贝\郭容安 调试器\debugger\debugger.vcxproj”在节点 2 上(Build 个目标)。
     1>ClCompile:
         C:\Program Files (x86)\Microsoft Visual Studio 12.0\VC\bin\CL.exe /c /ZI /nologo /W3 /WX- /sdl /Od /Oy- /D WIN32 /D _DEBUG /D _CONSOLE /D _LIB /D _UNICODE /D UNICODE /Gm /EHsc /RTC1 /MDd /GS /fp:precise /Zc:wchar_t /Zc:forScope /Fo"Debug\\" /Fd"Debug\vc120.pdb" /Gd /TP /analyze- /errorReport:prompt dbg.cpp main.cpp
         main.cpp
         dbg.cpp
     1>c:\users\rongan guo\desktop\写过的宝贝\郭容安 调试器\debugger\dbg.cpp(254): warning C4309: “初始化”: 截断常量值
     1>c:\users\rongan guo\desktop\写过的宝贝\郭容安 调试器\debugger\dbg.cpp(727): warning C4800: “LPVOID”: 将值强制为布尔值“true”或“false”(性能警告)
     1>c:\users\rongan guo\desktop\写过的宝贝\郭容安 调试器\debugger\dbg.cpp(770): warning C4800: “LPVOID”: 将值强制为布尔值“true”或“false”(性能警告)
     1>c:\users\rongan guo\desktop\写过的宝贝\郭容安 调试器\debugger\dbg.cpp(794): warning C4244: “=”: 从“DWORD”转换到“BYTE”，可能丢失数据
     1>c:\users\rongan guo\desktop\写过的宝贝\郭容安 调试器\debugger\dbg.cpp(945): warning C4018: “<”: 有符号/无符号不匹配
     1>c:\users\rongan guo\desktop\写过的宝贝\郭容安 调试器\debugger\dbg.cpp(1019): warning C4018: “<”: 有符号/无符号不匹配
     1>c:\users\rongan guo\desktop\写过的宝贝\郭容安 调试器\debugger\dbg.cpp(1089): warning C4101: “oldbyte”: 未引用的局部变量
     1>c:\users\rongan guo\desktop\写过的宝贝\郭容安 调试器\debugger\dbg.cpp(1087): warning C4101: “data”: 未引用的局部变量
         正在生成代码...
       Link:
         C:\Program Files (x86)\Microsoft Visual Studio 12.0\VC\bin\link.exe /ERRORREPORT:PROMPT /OUT:"C:\Users\Rongan Guo\Desktop\写过的宝贝\郭容安 调试器\Debug\debugger.exe" /INCREMENTAL /NOLOGO kernel32.lib user32.lib gdi32.lib winspool.lib comdlg32.lib advapi32.lib shell32.lib ole32.lib oleaut32.lib uuid.lib odbc32.lib odbccp32.lib /MANIFEST /MANIFESTUAC:"level='highestAvailable' uiAccess='false'" /manifest:embed /DEBUG /PDB:"C:\Users\Rongan Guo\Desktop\写过的宝贝\郭容安 调试器\Debug\debugger.pdb" /SUBSYSTEM:CONSOLE /TLBID:1 /DYNAMICBASE /NXCOMPAT /IMPLIB:"C:\Users\Rongan Guo\Desktop\写过的宝贝\郭容安 调试器\Debug\debugger.lib" /MACHINE:X86 Debug\dbg.obj
         Debug\main.obj
         debugger.vcxproj -> C:\Users\Rongan Guo\Desktop\写过的宝贝\郭容安 调试器\Debug\debugger.exe
     1>已完成生成项目“C:\Users\Rongan Guo\Desktop\写过的宝贝\郭容安 调试器\debugger\debugger.vcxproj”(Build 个目标)的操作。

生成成功。

已用时间 00:00:02.81
